<?xml version="1.0" encoding="UTF-8"?>
<!-- Generated by org.testng.reporters.JUnitXMLReporter -->
<testsuite ignored="0" hostname="Sravya" failures="0" tests="2" name="Surefire test" time="63.231" errors="0" timestamp="2026-03-31T22:59:12 GMT-04:00">
  <testcase classname="cucumber.api.testng.AbstractTestNGCucumberTests" name="runScenario" time="33.486"/>
  <testcase classname="cucumber.api.testng.AbstractTestNGCucumberTests" name="runScenario" time="29.468"/>
</testsuite> <!-- Surefire test -->
