<?xml version="1.0" encoding="UTF-8"?>
<!-- Generated by org.testng.reporters.JUnitXMLReporter -->
<testsuite ignored="0" hostname="Sravya" failures="0" tests="2" name="Default test" time="50.861" errors="0" timestamp="2026-03-23T22:28:25 GMT-04:00">
  <testcase classname="cucumber.api.testng.AbstractTestNGCucumberTests" name="runScenario" time="25.604"/>
  <testcase classname="cucumber.api.testng.AbstractTestNGCucumberTests" name="runScenario" time="25.102"/>
</testsuite> <!-- Default test -->
