<?xml version="1.0" encoding="UTF-8"?>
<testng-results ignored="0" total="2" passed="2" failed="0" skipped="0">
  <reporter-output>
    <line>
      <![CDATA[Customer-00000004042   Customer-00000004042]]>
    </line>
    <line>
      <![CDATA[Customer-00000004042 expected:<[Customer-00000004042]> but was:<[customer number not found]>]]>
    </line>
    <line>
      <![CDATA[Customer-00000004043   Customer-00000004043]]>
    </line>
    <line>
      <![CDATA[Customer-00000004043 expected:<[Customer-00000004043]> but was:<[customer number not found]>]]>
    </line>
  </reporter-output>
  <suite started-at="2026-03-31T22:58:09 GMT-04:00" name="Surefire suite" finished-at="2026-03-31T22:59:12 GMT-04:00" duration-ms="63231">
    <groups>
      <group name="cucumber">
        <method signature="AbstractTestNGCucumberTests.runScenario(cucumber.api.testng.PickleEventWrapper,cucumber.api.testng.CucumberFeatureWrapper)[pri:0, instance:testRunner.AppTest@1817d444]" name="runScenario" class="cucumber.api.testng.AbstractTestNGCucumberTests"/>
      </group> <!-- cucumber -->
    </groups>
    <test started-at="2026-03-31T22:58:09 GMT-04:00" name="Surefire test" finished-at="2026-03-31T22:59:12 GMT-04:00" duration-ms="63231">
      <class name="testRunner.AppTest">
        <test-method is-config="true" signature="setUpClass()[pri:0, instance:testRunner.AppTest@1817d444]" started-at="2026-03-31T22:58:09 GMT-04:00" name="setUpClass" finished-at="2026-03-31T22:58:09 GMT-04:00" duration-ms="87" status="PASS">
          <reporter-output>
          </reporter-output>
        </test-method> <!-- setUpClass -->
        <test-method signature="runScenario(cucumber.api.testng.PickleEventWrapper,cucumber.api.testng.CucumberFeatureWrapper)[pri:0, instance:testRunner.AppTest@1817d444]" started-at="2026-03-31T22:58:09 GMT-04:00" name="runScenario" description="Runs Cucumber Scenarios" data-provider="scenarios" finished-at="2026-03-31T22:58:43 GMT-04:00" duration-ms="33486" status="PASS">
          <params>
            <param index="0">
              <value>
                <![CDATA[""]]>
              </value>
            </param>
            <param index="1">
              <value>
                <![CDATA[""]]>
              </value>
            </param>
          </params>
          <reporter-output>
            <line>
              <![CDATA[Customer-00000004042   Customer-00000004042]]>
            </line>
            <line>
              <![CDATA[Customer-00000004042 expected:<[Customer-00000004042]> but was:<[customer number not found]>]]>
            </line>
          </reporter-output>
        </test-method> <!-- runScenario -->
        <test-method signature="runScenario(cucumber.api.testng.PickleEventWrapper,cucumber.api.testng.CucumberFeatureWrapper)[pri:0, instance:testRunner.AppTest@1817d444]" started-at="2026-03-31T22:58:43 GMT-04:00" name="runScenario" description="Runs Cucumber Scenarios" data-provider="scenarios" finished-at="2026-03-31T22:59:12 GMT-04:00" duration-ms="29468" status="PASS">
          <params>
            <param index="0">
              <value>
                <![CDATA[""]]>
              </value>
            </param>
            <param index="1">
              <value>
                <![CDATA[""]]>
              </value>
            </param>
          </params>
          <reporter-output>
            <line>
              <![CDATA[Customer-00000004043   Customer-00000004043]]>
            </line>
            <line>
              <![CDATA[Customer-00000004043 expected:<[Customer-00000004043]> but was:<[customer number not found]>]]>
            </line>
          </reporter-output>
        </test-method> <!-- runScenario -->
        <test-method is-config="true" signature="tearDownClass()[pri:0, instance:testRunner.AppTest@1817d444]" started-at="2026-03-31T22:59:12 GMT-04:00" name="tearDownClass" finished-at="2026-03-31T22:59:12 GMT-04:00" duration-ms="111" status="PASS">
          <reporter-output>
          </reporter-output>
        </test-method> <!-- tearDownClass -->
      </class> <!-- testRunner.AppTest -->
    </test> <!-- Surefire test -->
  </suite> <!-- Surefire suite -->
</testng-results>
