<?xml version="1.0" encoding="UTF-8"?>
<testsuite xmlns:xsi="http://www.w3.org/2001/XMLSchema-instance" xsi:noNamespaceSchemaLocation="https://maven.apache.org/surefire/maven-surefire-plugin/xsd/surefire-test-report-3.0.xsd" version="3.0" name="testRunner.AppTest" time="63.894" tests="2" errors="0" skipped="0" failures="0">
  <properties>
[...]
</properties>
  <testcase name="runScenario[&quot;&quot;, &quot;&quot;](1)" classname="testRunner.AppTest" time="33.493">
    <system-out><![CDATA[@tag
Feature: 
as a admin user I want to validate Supplier and Customer Modules

  @Customers
  Scenario Outline:  # ./featureFiles/ERP.feature:29
As admin I want to Create Customer with multiple data
    When user navigates add customer page
    And user capture customer number
    And user enter customer details "<Name>","<Address>","<City>","<Country>","<Person>","<Phone>","<Email>","<Mobile>","<Notes>"
    And user click add button
    And user click confirm button
    And user click alert ok button
    And user search for customer number
    Then user verifies customer number in table
    When user close browser

    Examples: 

  Background: Successful login                             # ./featureFiles/ERP.feature:4
    Given User is on the login page                        # ERPsteps.launchUrl()
    When User enter username "admin" and password "master" # ERPsteps.user_enter_username_and_password(String,String)
    And clicks on Login button                             # ERPsteps.clicks_on_Login_button()
dashboard page displayed 
    Then Dashboard should be displayed                     # ERPsteps.dashboard_should_be_displayed()

  @tag @Customers
  Scenario Outline:                                                                                                                          # ./featureFiles/ERP.feature:42
As admin I want to Create Customer with multiple data
    When user navigates add customer page                                                                                                    # ERPsteps.user_navigates_add_customer_page()
    And user capture customer number                                                                                                         # ERPsteps.user_capture_customer_number()
    And user enter customer details "ajai5","Street2","City2","India","Shankar","1234567892","aj15@j.com","9988776622","I'm content creator" # ERPsteps.user_enter_customer_details(String,String,String,String,String,String,String,String,String)
    And user click add button                                                                                                                # ERPsteps.user_click_add_button()
    And user click confirm button                                                                                                            # ERPsteps.user_click_confirm_button()
    And user click alert ok button                                                                                                           # ERPsteps.user_click_alert_ok_button()
    And user search for customer number                                                                                                      # ERPsteps.user_search_for_customer_number()
Customer-00000004042   Customer-00000004042
Customer-00000004042 expected:<[Customer-00000004042]> but was:<[customer number not found]>
    Then user verifies customer number in table                                                                                              # ERPsteps.user_verifies_customer_number_in_table()
    When user close browser                                                                                                                  # ERPsteps.user_close_browser()
]]></system-out>
    <system-err><![CDATA[SLF4J(W): No SLF4J providers were found.
SLF4J(W): Defaulting to no-operation (NOP) logger implementation
SLF4J(W): See https://www.slf4j.org/codes.html#noProviders for further details.
Mar 31, 2026 10:58:12 PM org.openqa.selenium.devtools.CdpVersionFinder findNearestMatch
WARNING: Unable to find CDP implementation matching 146
Mar 31, 2026 10:58:12 PM org.openqa.selenium.chromium.ChromiumDriver lambda$new$4
WARNING: Unable to find version of CDP to use for 146.0.7680.80. You may need to include a dependency on a specific version of the CDP using something similar to `org.seleniumhq.selenium:selenium-devtools-v86:4.34.0` where the version ("v86") matches the version of the chromium-based browser you're using and the version number of the artifact is the same as Selenium's.
]]></system-err>
  </testcase>
  <testcase name="runScenario[&quot;&quot;, &quot;&quot;](2)" classname="testRunner.AppTest" time="29.465">
    <system-out><![CDATA[
  Background: Successful login                             # ./featureFiles/ERP.feature:4
    Given User is on the login page                        # ERPsteps.launchUrl()
    When User enter username "admin" and password "master" # ERPsteps.user_enter_username_and_password(String,String)
    And clicks on Login button                             # ERPsteps.clicks_on_Login_button()
dashboard page displayed 
    Then Dashboard should be displayed                     # ERPsteps.dashboard_should_be_displayed()

  @tag @Customers
  Scenario Outline:                                                                                                                          # ./featureFiles/ERP.feature:43
As admin I want to Create Customer with multiple data
    When user navigates add customer page                                                                                                    # ERPsteps.user_navigates_add_customer_page()
    And user capture customer number                                                                                                         # ERPsteps.user_capture_customer_number()
    And user enter customer details "ajai6","Street3","City3","India","Shankar","1234567893","aj16@j.com","9988776633","I'm content creator" # ERPsteps.user_enter_customer_details(String,String,String,String,String,String,String,String,String)
    And user click add button                                                                                                                # ERPsteps.user_click_add_button()
    And user click confirm button                                                                                                            # ERPsteps.user_click_confirm_button()
    And user click alert ok button                                                                                                           # ERPsteps.user_click_alert_ok_button()
    And user search for customer number                                                                                                      # ERPsteps.user_search_for_customer_number()
Customer-00000004043   Customer-00000004043
Customer-00000004043 expected:<[Customer-00000004043]> but was:<[customer number not found]>
    Then user verifies customer number in table                                                                                              # ERPsteps.user_verifies_customer_number_in_table()
    When user close browser                                                                                                                  # ERPsteps.user_close_browser()
]]></system-out>
    <system-err><![CDATA[Mar 31, 2026 10:58:44 PM org.openqa.selenium.devtools.CdpVersionFinder findNearestMatch
WARNING: Unable to find CDP implementation matching 146
Mar 31, 2026 10:58:44 PM org.openqa.selenium.chromium.ChromiumDriver lambda$new$4
WARNING: Unable to find version of CDP to use for 146.0.7680.80. You may need to include a dependency on a specific version of the CDP using something similar to `org.seleniumhq.selenium:selenium-devtools-v86:4.34.0` where the version ("v86") matches the version of the chromium-based browser you're using and the version number of the artifact is the same as Selenium's.
]]></system-err>
  </testcase>
</testsuite>