<?xml version="1.0" encoding="UTF-8"?>
<!-- Generated by org.testng.reporters.JUnitReportReporter -->
<testsuite hostname="Sravya" failures="0" tests="2" name="testRunner.AppTest" time="50.706" errors="0" timestamp="2026-03-23T22:28:25 GMT-04:00" skipped="0">
  <testcase classname="testRunner.AppTest" name="runScenario" time="25.102">
    <system-out>
      <![CDATA[Customer-00000003936   Customer-00000003936
Customer-00000003936 expected:<[Customer-00000003936]> but was:<[customer number not found]>]]>
    </system-out>
  </testcase> <!-- runScenario -->
  <testcase classname="testRunner.AppTest" name="runScenario" time="25.604">
    <system-out>
      <![CDATA[Customer-00000003935   Customer-00000003935
Customer-00000003935 expected:<[Customer-00000003935]> but was:<[customer number not found]>]]>
    </system-out>
  </testcase> <!-- runScenario -->
  <system-out>
    <![CDATA[Customer-00000003935   Customer-00000003935
Customer-00000003935 expected:<[Customer-00000003935]> but was:<[customer number not found]>
Customer-00000003936   Customer-00000003936
Customer-00000003936 expected:<[Customer-00000003936]> but was:<[customer number not found]>]]>
  </system-out>
</testsuite> <!-- testRunner.AppTest -->
