<?xml version="1.0" encoding="UTF-8"?>
<!-- Generated by org.testng.reporters.JUnitReportReporter -->
<testsuite hostname="Sravya" failures="0" tests="2" name="testRunner.AppTest" time="62.954" errors="0" timestamp="2026-03-31T22:59:13 GMT-04:00" skipped="0">
  <testcase classname="testRunner.AppTest" name="runScenario" time="29.468">
    <system-out>
      <![CDATA[Customer-00000004043   Customer-00000004043
Customer-00000004043 expected:<[Customer-00000004043]> but was:<[customer number not found]>]]>
    </system-out>
  </testcase> <!-- runScenario -->
  <testcase classname="testRunner.AppTest" name="runScenario" time="33.486">
    <system-out>
      <![CDATA[Customer-00000004042   Customer-00000004042
Customer-00000004042 expected:<[Customer-00000004042]> but was:<[customer number not found]>]]>
    </system-out>
  </testcase> <!-- runScenario -->
  <system-out>
    <![CDATA[Customer-00000004042   Customer-00000004042
Customer-00000004042 expected:<[Customer-00000004042]> but was:<[customer number not found]>
Customer-00000004043   Customer-00000004043
Customer-00000004043 expected:<[Customer-00000004043]> but was:<[customer number not found]>]]>
  </system-out>
</testsuite> <!-- testRunner.AppTest -->
